[debug] > Exec(early(addDefaultCommands), None, None)
[debug] > Exec(addDefaultCommands, None, None)
[debug] > Exec(early(initialize), None, None)
[debug] > Exec(initialize, None, None)
[debug] > Exec(early(addPluginSbtFile="""C:\Users\WONGJI~1\AppData\Local\Temp\idea1.sbt"""), None, None)
[debug] > Exec(addPluginSbtFile="""C:\Users\WONGJI~1\AppData\Local\Temp\idea1.sbt""", None, None)
[debug] > Exec(boot, None, None)
[debug] > Exec(writeSbtVersion, None, None)
[debug] > Exec(reload, None, None)
[debug] > Exec(sbtStashOnFailure, None, None)
[debug] > Exec(onFailure loadFailed, None, None)
[debug] > Exec(loadp, None, None)
[info] welcome to sbt 1.9.7 (Oracle Corporation Java 1.8.0_401)
[debug] Load.defaultLoad until apply took 85.3927ms
[debug]           Load.loadUnit: plugins took 126.2458ms
[debug]           Load.loadUnit: defsScala took 0.2664ms
[debug] [Loading] Scanning directory C:\Users\Wong Jia Mien\Documents\GitHub\finalprojectv2-jmwongg\project
[debug]             Load.loadUnit: mkEval took 5.4451ms
[debug] [Loading] Found non-root projects 
[debug] [Loading] Done in C:\Users\Wong Jia Mien\Documents\GitHub\finalprojectv2-jmwongg\project, returning: ()
[debug] deducing auto plugins based on known facts Set(Atom(sbt.plugins.CorePlugin)) and clauses Clauses(Clause(Atom(sbt.plugins.JvmPlugin),Set(Atom(sbt.plugins.IvyPlugin)))
[debug] Clause(Atom(sbt.ScriptedPlugin),Set(Atom(sbt.plugins.JvmPlugin)))
[debug] Clause(Atom(sbt.plugins.SbtPlugin),Set(Atom(sbt.ScriptedPlugin)))
[debug] Clause(Atom(sbt.plugins.SemanticdbPlugin),Set(Atom(sbt.plugins.JvmPlugin)))
[debug] Clause(Atom(sbt.plugins.JUnitXmlReportPlugin),Set(Atom(sbt.plugins.JvmPlugin)))
[debug] Clause(Atom(sbt.plugins.MiniDependencyTreePlugin),Set(Atom(sbt.plugins.JvmPlugin)))
[debug] Clause(Atom(sbt.plugins.CorePlugin),Set(Atom(sbt.plugins.IvyPlugin)))
[debug] Clause(Atom(sbt.plugins.IvyPlugin),Set(Atom(sbt.plugins.JvmPlugin)))
[debug] Clause(Atom(sbt.plugins.JvmPlugin),Set(Atom(sbt.plugins.SemanticdbPlugin)))
[debug] Clause(Atom(sbt.plugins.JvmPlugin),Set(Atom(sbt.plugins.JUnitXmlReportPlugin)))
[debug] Clause(Atom(sbt.plugins.CorePlugin),Set(Atom(sbt.plugins.Giter8TemplatePlugin)))
[debug] Clause(Atom(sbt.plugins.JvmPlugin),Set(Atom(sbt.plugins.MiniDependencyTreePlugin))))
[debug]   :: deduced result: Matched(sbt.plugins.CorePlugin,sbt.plugins.Giter8TemplatePlugin,sbt.plugins.IvyPlugin,sbt.plugins.JvmPlugin,sbt.plugins.MiniDependencyTreePlugin,sbt.plugins.JUnitXmlReportPlugin,sbt.plugins.SemanticdbPlugin)
[debug] Plugins.deducer#function took 12.6375 ms
[info] loading settings for project finalprojectv2-jmwongg-build from idea1.sbt ...
[debug]               Load.resolveProject(finalprojectv2-jmwongg-build) took 59.4998ms
[debug]             Load.loadTransitive: finalizeProject(Project(id finalprojectv2-jmwongg-build, base: C:\Users\Wong Jia Mien\Documents\GitHub\finalprojectv2-jmwongg\project, plugins: List(<none>))) took 78.7134ms
[debug] [Loading] Done in C:\Users\Wong Jia Mien\Documents\GitHub\finalprojectv2-jmwongg\project, returning: (finalprojectv2-jmwongg-build)
[debug]           Load.loadUnit: loadedProjectsRaw took 1569.4438ms
[debug]           Load.loadUnit: cleanEvalClasses took 8.5239ms
[debug]         Load.loadUnit(file:/C:/Users/Wong%20Jia%20Mien/Documents/GitHub/finalprojectv2-jmwongg/project/, ...) took 1709.1911ms
[debug]       Load.apply: load took 1819.5873ms
[debug]       Load.apply: resolveProjects took 5.1182ms
[debug]       Load.apply: finalTransforms took 60.2645ms
[debug]       Load.apply: config.delegates took 3.3387ms
[debug]       Load.apply: Def.make(settings)... took 251.2417ms
[debug]       Load.apply: structureIndex took 77.4308ms
[debug]       Load.apply: mkStreams took 2.1485ms
[info] loading project definition from C:\Users\Wong Jia Mien\Documents\GitHub\finalprojectv2-jmwongg\project
[debug] Running task... Cancel: Signal, check cycles: false, forcegc: true
[debug]     Load.loadUnit: plugins took 4818.3465ms
[debug]     Load.loadUnit: defsScala took 0.0042ms
[debug] [Loading] Scanning directory C:\Users\Wong Jia Mien\Documents\GitHub\finalprojectv2-jmwongg
[debug]       Load.loadUnit: mkEval took 0.3007ms
[debug] [Loading] Found root project root w/ remaining 
[debug] deducing auto plugins based on known facts Set(Atom(sbt.plugins.CorePlugin)) and clauses Clauses(Clause(Atom(sbt.plugins.JvmPlugin),Set(Atom(sbt.plugins.IvyPlugin)))
[debug] Clause(Atom(sbt.ScriptedPlugin),Set(Atom(sbt.plugins.JvmPlugin)))
[debug] Clause(Atom(sbt.plugins.SbtPlugin),Set(Atom(sbt.ScriptedPlugin)))
[debug] Clause(Atom(sbt.plugins.SemanticdbPlugin),Set(Atom(sbt.plugins.JvmPlugin)))
[debug] Clause(Atom(sbt.plugins.JUnitXmlReportPlugin),Set(Atom(sbt.plugins.JvmPlugin)))
[debug] Clause(Atom(sbt.plugins.MiniDependencyTreePlugin),Set(Atom(sbt.plugins.JvmPlugin)))
[debug] Clause(Atom(org.jetbrains.sbt.StructurePlugin),Set(Atom(sbt.plugins.JvmPlugin)))
[debug] Clause(Atom(org.jetbrains.sbt.IdeaShellPlugin),Set(Atom(sbt.plugins.JvmPlugin)))
[debug] Clause(Atom(org.jetbrains.sbt.indices.SbtIntellijIndicesPlugin),Set(Atom(sbt.plugins.JvmPlugin)))
[debug] Clause(Atom(sbt.plugins.CorePlugin),Set(Atom(sbt.plugins.IvyPlugin)))
[debug] Clause(Atom(sbt.plugins.IvyPlugin),Set(Atom(sbt.plugins.JvmPlugin)))
[debug] Clause(Atom(sbt.plugins.JvmPlugin),Set(Atom(sbt.plugins.SemanticdbPlugin)))
[debug] Clause(Atom(sbt.plugins.JvmPlugin),Set(Atom(sbt.plugins.JUnitXmlReportPlugin)))
[debug] Clause(Atom(sbt.plugins.CorePlugin),Set(Atom(sbt.plugins.Giter8TemplatePlugin)))
[debug] Clause(Atom(sbt.plugins.JvmPlugin),Set(Atom(sbt.plugins.MiniDependencyTreePlugin)))
[debug] Clause(Atom(sbt.plugins.JvmPlugin),Set(Atom(org.jetbrains.sbt.StructurePlugin)))
[debug] Clause(Atom(sbt.plugins.JvmPlugin),Set(Atom(org.jetbrains.sbt.IdeaShellPlugin)))
[debug] Clause(And(Set(Atom(sbt.plugins.CorePlugin), Atom(sbt.plugins.JvmPlugin))),Set(Atom(org.jetbrains.sbt.indices.SbtIntellijIndicesPlugin))))
[debug]   :: deduced result: Matched(sbt.plugins.CorePlugin,sbt.plugins.Giter8TemplatePlugin,sbt.plugins.IvyPlugin,sbt.plugins.JvmPlugin,sbt.plugins.SemanticdbPlugin,org.jetbrains.sbt.indices.SbtIntellijIndicesPlugin,sbt.plugins.JUnitXmlReportPlugin,org.jetbrains.sbt.IdeaShellPlugin,org.jetbrains.sbt.StructurePlugin,sbt.plugins.MiniDependencyTreePlugin)
[debug] Plugins.deducer#function took 1.7367 ms
[info] loading settings for project root from build.sbt ...
[debug]         Load.resolveProject(root) took 20.1383ms
[debug]       Load.loadTransitive: finalizeProject(Project(id root, base: C:\Users\Wong Jia Mien\Documents\GitHub\finalprojectv2-jmwongg, plugins: List(<none>))) took 23.666ms
[debug] [Loading] Done in C:\Users\Wong Jia Mien\Documents\GitHub\finalprojectv2-jmwongg, returning: (root)
[debug]     Load.loadUnit: loadedProjectsRaw took 1002.2276ms
[debug]     Load.loadUnit: cleanEvalClasses took 3.973ms
[debug]   Load.loadUnit(file:/C:/Users/Wong%20Jia%20Mien/Documents/GitHub/finalprojectv2-jmwongg/, ...) took 5825.4778ms
[debug] Load.apply: load took 5840.4103ms
[debug] Load.apply: resolveProjects took 0.1062ms
[debug] Load.apply: finalTransforms took 48.5854ms
[debug] Load.apply: config.delegates took 0.2413ms
[debug] Load.apply: Def.make(settings)... took 61.9568ms
[debug] Load.apply: structureIndex took 16.3605ms
[debug] Load.apply: mkStreams took 0.0063ms
[info] set current project to scalaFXIntro (in build file:/C:/Users/Wong%20Jia%20Mien/Documents/GitHub/finalprojectv2-jmwongg/)
[debug] > Exec(sbtPopOnFailure, None, None)
[debug] > Exec(resumeFromFailure, None, None)
[debug] > Exec(notifyUsersAboutShell, None, None)
[debug] > Exec(iflast shell, None, None)
[debug] > Exec(; set ideaPort in Global := 54908 ; idea-shell, None, None)
[debug] > Exec(set ideaPort in Global := 54908, None, None)
[info] Defining Global / ideaPort
[info] The new value will be used by no settings or tasks.
[debug] Defining 
[debug] 	Global / ideaPort
[debug] 
[debug] The new value will be used by no settings or tasks.
[info] Reapplying settings...
[info] set current project to scalaFXIntro (in build file:/C:/Users/Wong%20Jia%20Mien/Documents/GitHub/finalprojectv2-jmwongg/)
[debug] > Exec(idea-shell, None, None)
